<?xml version="1.0" encoding="UTF-8"?>
<!-- Generated by org.testng.reporters.JUnitXMLReporter -->
<testsuite hostname="CNwzhang" name="Command line test" tests="13" failures="0" timestamp="21 Nov 2018 14:05:15 GMT" time="0.139" errors="0">
  <testcase name="@BeforeMethod setUp" time="0.0" classname="com.springapp.mvc.controller.FinalPoemControllerTest">
    <failure type="java.lang.NoClassDefFoundError" message="javax/servlet/AsyncContext">
      <![CDATA[java.lang.NoClassDefFoundError: javax/servlet/AsyncContext
	at com.springapp.mvc.controller.FinalPoemControllerTest.setUp(FinalPoemControllerTest.java:32)
	at org.apache.maven.surefire.testng.TestNGExecutor.run(TestNGExecutor.java:77)
	at org.apache.maven.surefire.testng.TestNGDirectoryTestSuite.executeMulti(TestNGDirectoryTestSuite.java:159)
	at org.apache.maven.surefire.testng.TestNGDirectoryTestSuite.execute(TestNGDirectoryTestSuite.java:99)
	at org.apache.maven.surefire.testng.TestNGProvider.invoke(TestNGProvider.java:106)
	at org.apache.maven.surefire.util.ReflectionUtils.invokeMethodWithArray(ReflectionUtils.java:189)
	at org.apache.maven.surefire.booter.ProviderFactory$ProviderProxy.invoke(ProviderFactory.java:165)
	at org.apache.maven.surefire.booter.ProviderFactory.invokeProvider(ProviderFactory.java:85)
	at org.apache.maven.surefire.booter.ForkedBooter.runSuitesInProcess(ForkedBooter.java:115)
	at org.apache.maven.surefire.booter.ForkedBooter.main(ForkedBooter.java:75)
Caused by: java.lang.ClassNotFoundException: javax.servlet.AsyncContext
	at java.net.URLClassLoader.findClass(URLClassLoader.java:382)
	at java.lang.ClassLoader.loadClass(ClassLoader.java:424)
	at sun.misc.Launcher$AppClassLoader.loadClass(Launcher.java:349)
	at java.lang.ClassLoader.loadClass(ClassLoader.java:357)
	... 37 more
... Removed 27 stack frames]]>
    </failure>
  </testcase>
  <testcase name="@BeforeMethod setUp" time="0.0" classname="com.springapp.mvc.controller.FinalPoemControllerTest">
    <skipped/>
  </testcase>
  <testcase name="@BeforeMethod setUp" time="0.0" classname="com.springapp.mvc.controller.FirstSentenceControllerTest">
    <failure type="java.lang.NoClassDefFoundError" message="javax/servlet/AsyncContext">
      <![CDATA[java.lang.NoClassDefFoundError: javax/servlet/AsyncContext
	at com.springapp.mvc.controller.FirstSentenceControllerTest.setUp(FirstSentenceControllerTest.java:34)
	at org.apache.maven.surefire.testng.TestNGExecutor.run(TestNGExecutor.java:77)
	at org.apache.maven.surefire.testng.TestNGDirectoryTestSuite.executeMulti(TestNGDirectoryTestSuite.java:159)
	at org.apache.maven.surefire.testng.TestNGDirectoryTestSuite.execute(TestNGDirectoryTestSuite.java:99)
	at org.apache.maven.surefire.testng.TestNGProvider.invoke(TestNGProvider.java:106)
	at org.apache.maven.surefire.util.ReflectionUtils.invokeMethodWithArray(ReflectionUtils.java:189)
	at org.apache.maven.surefire.booter.ProviderFactory$ProviderProxy.invoke(ProviderFactory.java:165)
	at org.apache.maven.surefire.booter.ProviderFactory.invokeProvider(ProviderFactory.java:85)
	at org.apache.maven.surefire.booter.ForkedBooter.runSuitesInProcess(ForkedBooter.java:115)
	at org.apache.maven.surefire.booter.ForkedBooter.main(ForkedBooter.java:75)
Caused by: java.lang.ClassNotFoundException: javax.servlet.AsyncContext
	at java.net.URLClassLoader.findClass(URLClassLoader.java:382)
	at java.lang.ClassLoader.loadClass(ClassLoader.java:424)
	at sun.misc.Launcher$AppClassLoader.loadClass(Launcher.java:349)
	at java.lang.ClassLoader.loadClass(ClassLoader.java:357)
	... 37 more
... Removed 27 stack frames]]>
    </failure>
  </testcase>
  <testcase name="@BeforeMethod setUp" time="0.0" classname="com.springapp.mvc.controller.FirstSentenceControllerTest">
    <skipped/>
  </testcase>
  <testcase name="@BeforeMethod setUp" time="0.0" classname="com.springapp.mvc.controller.FourthSentenceControllerTest">
    <failure type="java.lang.NoClassDefFoundError" message="javax/servlet/AsyncContext">
      <![CDATA[java.lang.NoClassDefFoundError: javax/servlet/AsyncContext
	at com.springapp.mvc.controller.FourthSentenceControllerTest.setUp(FourthSentenceControllerTest.java:33)
	at org.apache.maven.surefire.testng.TestNGExecutor.run(TestNGExecutor.java:77)
	at org.apache.maven.surefire.testng.TestNGDirectoryTestSuite.executeMulti(TestNGDirectoryTestSuite.java:159)
	at org.apache.maven.surefire.testng.TestNGDirectoryTestSuite.execute(TestNGDirectoryTestSuite.java:99)
	at org.apache.maven.surefire.testng.TestNGProvider.invoke(TestNGProvider.java:106)
	at org.apache.maven.surefire.util.ReflectionUtils.invokeMethodWithArray(ReflectionUtils.java:189)
	at org.apache.maven.surefire.booter.ProviderFactory$ProviderProxy.invoke(ProviderFactory.java:165)
	at org.apache.maven.surefire.booter.ProviderFactory.invokeProvider(ProviderFactory.java:85)
	at org.apache.maven.surefire.booter.ForkedBooter.runSuitesInProcess(ForkedBooter.java:115)
	at org.apache.maven.surefire.booter.ForkedBooter.main(ForkedBooter.java:75)
Caused by: java.lang.ClassNotFoundException: javax.servlet.AsyncContext
	at java.net.URLClassLoader.findClass(URLClassLoader.java:382)
	at java.lang.ClassLoader.loadClass(ClassLoader.java:424)
	at sun.misc.Launcher$AppClassLoader.loadClass(Launcher.java:349)
	at java.lang.ClassLoader.loadClass(ClassLoader.java:357)
	... 37 more
... Removed 27 stack frames]]>
    </failure>
  </testcase>
  <testcase name="@BeforeMethod setUp" time="0.0" classname="com.springapp.mvc.controller.FourthSentenceControllerTest">
    <skipped/>
  </testcase>
  <testcase name="@BeforeMethod setUp" time="0.0" classname="com.springapp.mvc.service.PoemServiceTest">
    <failure type="java.lang.NoClassDefFoundError" message="javax/servlet/AsyncContext">
      <![CDATA[java.lang.NoClassDefFoundError: javax/servlet/AsyncContext
	at com.springapp.mvc.service.PoemServiceTest.setUp(PoemServiceTest.java:31)
	at org.apache.maven.surefire.testng.TestNGExecutor.run(TestNGExecutor.java:77)
	at org.apache.maven.surefire.testng.TestNGDirectoryTestSuite.executeMulti(TestNGDirectoryTestSuite.java:159)
	at org.apache.maven.surefire.testng.TestNGDirectoryTestSuite.execute(TestNGDirectoryTestSuite.java:99)
	at org.apache.maven.surefire.testng.TestNGProvider.invoke(TestNGProvider.java:106)
	at org.apache.maven.surefire.util.ReflectionUtils.invokeMethodWithArray(ReflectionUtils.java:189)
	at org.apache.maven.surefire.booter.ProviderFactory$ProviderProxy.invoke(ProviderFactory.java:165)
	at org.apache.maven.surefire.booter.ProviderFactory.invokeProvider(ProviderFactory.java:85)
	at org.apache.maven.surefire.booter.ForkedBooter.runSuitesInProcess(ForkedBooter.java:115)
	at org.apache.maven.surefire.booter.ForkedBooter.main(ForkedBooter.java:75)
Caused by: java.lang.ClassNotFoundException: javax.servlet.AsyncContext
	at java.net.URLClassLoader.findClass(URLClassLoader.java:382)
	at java.lang.ClassLoader.loadClass(ClassLoader.java:424)
	at sun.misc.Launcher$AppClassLoader.loadClass(Launcher.java:349)
	at java.lang.ClassLoader.loadClass(ClassLoader.java:357)
	... 37 more
... Removed 27 stack frames]]>
    </failure>
  </testcase>
  <testcase name="@BeforeMethod setUp" time="0.0" classname="com.springapp.mvc.service.PoemServiceTest">
    <skipped/>
  </testcase>
  <testcase name="@BeforeMethod setUp" time="0.0" classname="com.springapp.mvc.service.PoemServiceTest">
    <skipped/>
  </testcase>
  <testcase name="@BeforeMethod setUp" time="0.0" classname="com.springapp.mvc.controller.SecondSentenceControllerTest">
    <failure type="java.lang.NoClassDefFoundError" message="javax/servlet/AsyncContext">
      <![CDATA[java.lang.NoClassDefFoundError: javax/servlet/AsyncContext
	at com.springapp.mvc.controller.SecondSentenceControllerTest.setUp(SecondSentenceControllerTest.java:35)
	at org.apache.maven.surefire.testng.TestNGExecutor.run(TestNGExecutor.java:77)
	at org.apache.maven.surefire.testng.TestNGDirectoryTestSuite.executeMulti(TestNGDirectoryTestSuite.java:159)
	at org.apache.maven.surefire.testng.TestNGDirectoryTestSuite.execute(TestNGDirectoryTestSuite.java:99)
	at org.apache.maven.surefire.testng.TestNGProvider.invoke(TestNGProvider.java:106)
	at org.apache.maven.surefire.util.ReflectionUtils.invokeMethodWithArray(ReflectionUtils.java:189)
	at org.apache.maven.surefire.booter.ProviderFactory$ProviderProxy.invoke(ProviderFactory.java:165)
	at org.apache.maven.surefire.booter.ProviderFactory.invokeProvider(ProviderFactory.java:85)
	at org.apache.maven.surefire.booter.ForkedBooter.runSuitesInProcess(ForkedBooter.java:115)
	at org.apache.maven.surefire.booter.ForkedBooter.main(ForkedBooter.java:75)
Caused by: java.lang.ClassNotFoundException: javax.servlet.AsyncContext
	at java.net.URLClassLoader.findClass(URLClassLoader.java:382)
	at java.lang.ClassLoader.loadClass(ClassLoader.java:424)
	at sun.misc.Launcher$AppClassLoader.loadClass(Launcher.java:349)
	at java.lang.ClassLoader.loadClass(ClassLoader.java:357)
	... 37 more
... Removed 27 stack frames]]>
    </failure>
  </testcase>
  <testcase name="@BeforeMethod setUp" time="0.0" classname="com.springapp.mvc.controller.SecondSentenceControllerTest">
    <skipped/>
  </testcase>
  <testcase name="@BeforeMethod setUp" time="0.0" classname="com.springapp.mvc.controller.ThirdSentenceControllerTest">
    <failure type="java.lang.NoClassDefFoundError" message="javax/servlet/AsyncContext">
      <![CDATA[java.lang.NoClassDefFoundError: javax/servlet/AsyncContext
	at com.springapp.mvc.controller.ThirdSentenceControllerTest.setUp(ThirdSentenceControllerTest.java:33)
	at org.apache.maven.surefire.testng.TestNGExecutor.run(TestNGExecutor.java:77)
	at org.apache.maven.surefire.testng.TestNGDirectoryTestSuite.executeMulti(TestNGDirectoryTestSuite.java:159)
	at org.apache.maven.surefire.testng.TestNGDirectoryTestSuite.execute(TestNGDirectoryTestSuite.java:99)
	at org.apache.maven.surefire.testng.TestNGProvider.invoke(TestNGProvider.java:106)
	at org.apache.maven.surefire.util.ReflectionUtils.invokeMethodWithArray(ReflectionUtils.java:189)
	at org.apache.maven.surefire.booter.ProviderFactory$ProviderProxy.invoke(ProviderFactory.java:165)
	at org.apache.maven.surefire.booter.ProviderFactory.invokeProvider(ProviderFactory.java:85)
	at org.apache.maven.surefire.booter.ForkedBooter.runSuitesInProcess(ForkedBooter.java:115)
	at org.apache.maven.surefire.booter.ForkedBooter.main(ForkedBooter.java:75)
Caused by: java.lang.ClassNotFoundException: javax.servlet.AsyncContext
	at java.net.URLClassLoader.findClass(URLClassLoader.java:382)
	at java.lang.ClassLoader.loadClass(ClassLoader.java:424)
	at sun.misc.Launcher$AppClassLoader.loadClass(Launcher.java:349)
	at java.lang.ClassLoader.loadClass(ClassLoader.java:357)
	... 37 more
... Removed 27 stack frames]]>
    </failure>
  </testcase>
  <testcase name="@BeforeMethod setUp" time="0.0" classname="com.springapp.mvc.controller.ThirdSentenceControllerTest">
    <skipped/>
  </testcase>
  <testcase name="testAddSentence" time="0.0" classname="com.springapp.mvc.controller.FinalPoemControllerTest">
    <skipped/>
  </testcase>
  <testcase name="testOnPage" time="0.0" classname="com.springapp.mvc.controller.FinalPoemControllerTest">
    <skipped/>
  </testcase>
  <testcase name="testAddSentence" time="0.0" classname="com.springapp.mvc.controller.FirstSentenceControllerTest">
    <skipped/>
  </testcase>
  <testcase name="testOnPage" time="0.0" classname="com.springapp.mvc.controller.FirstSentenceControllerTest">
    <skipped/>
  </testcase>
  <testcase name="testAddSentence" time="0.0" classname="com.springapp.mvc.controller.FourthSentenceControllerTest">
    <skipped/>
  </testcase>
  <testcase name="testOnPage" time="0.001" classname="com.springapp.mvc.controller.FourthSentenceControllerTest">
    <skipped/>
  </testcase>
  <testcase name="testAddSentenceToCurrentPoem" time="0.0" classname="com.springapp.mvc.service.PoemServiceTest">
    <skipped/>
  </testcase>
  <testcase name="testAddSentencesToModel" time="0.0" classname="com.springapp.mvc.service.PoemServiceTest">
    <skipped/>
  </testcase>
  <testcase name="testInitTheNewPoem" time="0.0" classname="com.springapp.mvc.service.PoemServiceTest">
    <skipped/>
  </testcase>
  <testcase name="testAddSentence" time="0.0" classname="com.springapp.mvc.controller.SecondSentenceControllerTest">
    <skipped/>
  </testcase>
  <testcase name="testOnPage" time="0.0" classname="com.springapp.mvc.controller.SecondSentenceControllerTest">
    <skipped/>
  </testcase>
  <testcase name="testAddSentence" time="0.0" classname="com.springapp.mvc.controller.ThirdSentenceControllerTest">
    <skipped/>
  </testcase>
  <testcase name="testOnPage" time="0.0" classname="com.springapp.mvc.controller.ThirdSentenceControllerTest">
    <skipped/>
  </testcase>
</testsuite>
